[INFO ] 02-02-2023 01:08:09 [main] [Log] - Loaded all properties files.
[INFO ] 02-02-2023 01:08:09 [main] [Log] - TestBase: Properties For Testing:
{databaseName=KETOAN_AUTO_HOADON, language=vi, exportVideoPath=ExportData/Videos, open_reports_after_execution=no, screenshot_all_steps=no, WAIT_DEFAULT=10, testing_version=1.0, CHROME_DRIVER=, author=MISA, reportTitle=AMIS ACCOUNTING | Automation Report, video_record=no, zip_folder=no, exportCapturePath=ExportData/Images, WAIT_PAGE_LOADED=30, projectName=AMIS ACCOUNTING, WAIT_EXPLICIT=10, extentReportFolder=ExtentReports, draw_border_err_element=yes, WAIT_IMPLICIT=3, extentReportName=ExtentReports, tfslink=http://tfs2017-01:8080/tfs/defaultcollection/SMECLOUD/_workitems?id=, loginExcelDataPath=src/test/resources/datatest/amisaccounting/LoginData.xlsx, screenshot_failed_steps=yes, browser=chrome, remote_url=localhost, remote_port=4444, screenshot_passed_steps=no, override_reports=yes, target=local, headless=false, ACTIVE_PAGE_LOADED=true, WAIT_SLEEP_STEP=1, screenshot_skipped_steps=yes, send_email_to_users=no}
[INFO ] 02-02-2023 01:08:09 [main] [Log] - 
---------------------------------------------------------------
TestListener: TESTING FOR TEST SUITE: Default Suite
---------------------------------------------------------------
[INFO ] 02-02-2023 01:08:11 [main] [Log] - TestBase: beforeSuite
[INFO ] 02-02-2023 01:08:15 [main] [WebDriverManager] - Using chromedriver 109.0.5414.74 (resolved driver for Chrome 109)
[INFO ] 02-02-2023 01:08:15 [main] [WebDriverManager] - Exporting webdriver.chrome.driver as C:\Users\nguye\.cache\selenium\chromedriver\win32\109.0.5414.74\chromedriver.exe
[INFO ] 02-02-2023 01:08:31 [main] [Log] - waitForElementClickable: Element //span[text()='Tài khoản'] : clickable
[INFO ] 02-02-2023 01:08:31 [main] [Log] - 
---------------------------------------------------------------
TestListener: START TC:  SMECould_Login_ValidAccount_001
[INFO ] 02-02-2023 01:08:33 [main] [Log] - waitForElementClickable: Element //p[@class='login-with-email'] : clickable
[INFO ] 02-02-2023 01:08:34 [main] [Log] - waitForElementClickable: Element //button[text()='Đăng nhập'] : clickable
[INFO ] 02-02-2023 01:08:34 [main] [Log] - 
TestListener: COMPLETED TC: SMECould_Login_ValidAccount_001 - PASS 
---------------------------------------------------------------
[INFO ] 02-02-2023 01:08:41 [main] [WebDriverManager] - Using chromedriver 109.0.5414.74 (resolved driver for Chrome 109)
[INFO ] 02-02-2023 01:08:41 [main] [WebDriverManager] - Exporting webdriver.chrome.driver as C:\Users\nguye\.cache\selenium\chromedriver\win32\109.0.5414.74\chromedriver.exe
[INFO ] 02-02-2023 01:08:50 [main] [Log] - waitForElementClickable: Element //span[text()='Tài khoản'] : clickable
[INFO ] 02-02-2023 01:08:50 [main] [Log] - 
---------------------------------------------------------------
TestListener: START TC:  SMECould_Login_ValidAccount_001
[INFO ] 02-02-2023 01:08:54 [main] [Log] - waitForElementClickable: Element //p[@class='login-with-email'] : clickable
[INFO ] 02-02-2023 01:08:56 [main] [Log] - waitForElementClickable: Element //button[text()='Đăng nhập'] : clickable
[INFO ] 02-02-2023 01:08:56 [main] [Log] - 
TestListener: COMPLETED TC: SMECould_Login_ValidAccount_001 - PASS 
---------------------------------------------------------------
[INFO ] 02-02-2023 01:09:00 [main] [Log] - 
TestListener: FINISH TESTING FOR TEST SUITE: Default Suite 
---------------------------------------------------------------
[INFO ] 02-02-2023 04:03:12 [main] [WebDriverManager] - Using chromedriver 109.0.5414.74 (resolved driver for Chrome 109)
[INFO ] 02-02-2023 04:03:12 [main] [WebDriverManager] - Exporting webdriver.chrome.driver as C:\Users\nguye\.cache\selenium\chromedriver\win32\109.0.5414.74\chromedriver.exe
[INFO ] 02-02-2023 04:04:17 [main] [WebDriverManager] - Using chromedriver 109.0.5414.74 (resolved driver for Chrome 109)
[INFO ] 02-02-2023 04:04:17 [main] [WebDriverManager] - Exporting webdriver.chrome.driver as C:\Users\nguye\.cache\selenium\chromedriver\win32\109.0.5414.74\chromedriver.exe
[INFO ] 02-02-2023 04:07:56 [main] [WebDriverManager] - Using chromedriver 109.0.5414.74 (resolved driver for Chrome 109)
[INFO ] 02-02-2023 04:07:56 [main] [WebDriverManager] - Exporting webdriver.chrome.driver as C:\Users\nguye\.cache\selenium\chromedriver\win32\109.0.5414.74\chromedriver.exe
[INFO ] 02-02-2023 05:23:52 [main] [WebDriverManager] - Using chromedriver 109.0.5414.74 (resolved driver for Chrome 109)
[INFO ] 02-02-2023 05:23:52 [main] [WebDriverManager] - Exporting webdriver.chrome.driver as C:\Users\nguye\.cache\selenium\chromedriver\win32\109.0.5414.74\chromedriver.exe
[INFO ] 02-02-2023 05:25:21 [main] [WebDriverManager] - Using chromedriver 109.0.5414.74 (resolved driver for Chrome 109)
[INFO ] 02-02-2023 05:25:21 [main] [WebDriverManager] - Exporting webdriver.chrome.driver as C:\Users\nguye\.cache\selenium\chromedriver\win32\109.0.5414.74\chromedriver.exe
[INFO ] 02-02-2023 05:28:33 [main] [WebDriverManager] - Using chromedriver 109.0.5414.74 (resolved driver for Chrome 109)
[INFO ] 02-02-2023 05:28:34 [main] [WebDriverManager] - Exporting webdriver.chrome.driver as C:\Users\nguye\.cache\selenium\chromedriver\win32\109.0.5414.74\chromedriver.exe
[INFO ] 02-02-2023 05:30:32 [main] [WebDriverManager] - Using chromedriver 109.0.5414.74 (resolved driver for Chrome 109)
[INFO ] 02-02-2023 05:30:32 [main] [WebDriverManager] - Exporting webdriver.chrome.driver as C:\Users\nguye\.cache\selenium\chromedriver\win32\109.0.5414.74\chromedriver.exe
[INFO ] 02-02-2023 05:31:16 [main] [WebDriverManager] - Using chromedriver 109.0.5414.74 (resolved driver for Chrome 109)
[INFO ] 02-02-2023 05:31:16 [main] [WebDriverManager] - Exporting webdriver.chrome.driver as C:\Users\nguye\.cache\selenium\chromedriver\win32\109.0.5414.74\chromedriver.exe
[INFO ] 02-02-2023 05:33:05 [main] [WebDriverManager] - Using chromedriver 109.0.5414.74 (resolved driver for Chrome 109)
[INFO ] 02-02-2023 05:33:05 [main] [WebDriverManager] - Exporting webdriver.chrome.driver as C:\Users\nguye\.cache\selenium\chromedriver\win32\109.0.5414.74\chromedriver.exe
[INFO ] 02-02-2023 05:37:48 [main] [WebDriverManager] - Using chromedriver 109.0.5414.74 (resolved driver for Chrome 109)
[INFO ] 02-02-2023 05:37:48 [main] [WebDriverManager] - Exporting webdriver.chrome.driver as C:\Users\nguye\.cache\selenium\chromedriver\win32\109.0.5414.74\chromedriver.exe
[INFO ] 02-02-2023 05:40:02 [main] [WebDriverManager] - Using chromedriver 109.0.5414.74 (resolved driver for Chrome 109)
[INFO ] 02-02-2023 05:40:03 [main] [WebDriverManager] - Exporting webdriver.chrome.driver as C:\Users\nguye\.cache\selenium\chromedriver\win32\109.0.5414.74\chromedriver.exe
[INFO ] 02-02-2023 05:46:30 [main] [WebDriverManager] - Using chromedriver 109.0.5414.74 (resolved driver for Chrome 109)
[INFO ] 02-02-2023 05:46:30 [main] [WebDriverManager] - Exporting webdriver.chrome.driver as C:\Users\nguye\.cache\selenium\chromedriver\win32\109.0.5414.74\chromedriver.exe
[INFO ] 02-02-2023 05:48:13 [main] [WebDriverManager] - Using chromedriver 109.0.5414.74 (resolved driver for Chrome 109)
[INFO ] 02-02-2023 05:48:13 [main] [WebDriverManager] - Exporting webdriver.chrome.driver as C:\Users\nguye\.cache\selenium\chromedriver\win32\109.0.5414.74\chromedriver.exe
[INFO ] 02-02-2023 05:50:14 [main] [WebDriverManager] - Using chromedriver 109.0.5414.74 (resolved driver for Chrome 109)
[INFO ] 02-02-2023 05:50:15 [main] [WebDriverManager] - Exporting webdriver.chrome.driver as C:\Users\nguye\.cache\selenium\chromedriver\win32\109.0.5414.74\chromedriver.exe
[INFO ] 02-02-2023 05:51:45 [main] [WebDriverManager] - Using chromedriver 109.0.5414.74 (resolved driver for Chrome 109)
[INFO ] 02-02-2023 05:51:46 [main] [WebDriverManager] - Exporting webdriver.chrome.driver as C:\Users\nguye\.cache\selenium\chromedriver\win32\109.0.5414.74\chromedriver.exe
[INFO ] 02-02-2023 05:53:15 [main] [WebDriverManager] - Using chromedriver 109.0.5414.74 (resolved driver for Chrome 109)
[INFO ] 02-02-2023 05:53:15 [main] [WebDriverManager] - Exporting webdriver.chrome.driver as C:\Users\nguye\.cache\selenium\chromedriver\win32\109.0.5414.74\chromedriver.exe
[INFO ] 02-02-2023 05:56:29 [main] [WebDriverManager] - Using chromedriver 109.0.5414.74 (resolved driver for Chrome 109)
[INFO ] 02-02-2023 05:56:29 [main] [WebDriverManager] - Exporting webdriver.chrome.driver as C:\Users\nguye\.cache\selenium\chromedriver\win32\109.0.5414.74\chromedriver.exe
[INFO ] 02-02-2023 05:58:26 [main] [WebDriverManager] - Using chromedriver 109.0.5414.74 (resolved driver for Chrome 109)
[INFO ] 02-02-2023 05:58:26 [main] [WebDriverManager] - Exporting webdriver.chrome.driver as C:\Users\nguye\.cache\selenium\chromedriver\win32\109.0.5414.74\chromedriver.exe
[INFO ] 02-02-2023 06:10:29 [main] [WebDriverManager] - Using chromedriver 109.0.5414.74 (resolved driver for Chrome 109)
[INFO ] 02-02-2023 06:10:29 [main] [WebDriverManager] - Exporting webdriver.chrome.driver as C:\Users\nguye\.cache\selenium\chromedriver\win32\109.0.5414.74\chromedriver.exe
[INFO ] 02-02-2023 06:12:27 [main] [WebDriverManager] - Using chromedriver 109.0.5414.74 (resolved driver for Chrome 109)
[INFO ] 02-02-2023 06:12:27 [main] [WebDriverManager] - Exporting webdriver.chrome.driver as C:\Users\nguye\.cache\selenium\chromedriver\win32\109.0.5414.74\chromedriver.exe
[INFO ] 02-02-2023 06:13:21 [main] [WebDriverManager] - Using chromedriver 109.0.5414.74 (resolved driver for Chrome 109)
[INFO ] 02-02-2023 06:13:21 [main] [WebDriverManager] - Exporting webdriver.chrome.driver as C:\Users\nguye\.cache\selenium\chromedriver\win32\109.0.5414.74\chromedriver.exe
[INFO ] 02-02-2023 06:13:44 [main] [WebDriverManager] - Using chromedriver 109.0.5414.74 (resolved driver for Chrome 109)
[INFO ] 02-02-2023 06:13:44 [main] [WebDriverManager] - Exporting webdriver.chrome.driver as C:\Users\nguye\.cache\selenium\chromedriver\win32\109.0.5414.74\chromedriver.exe
[INFO ] 02-02-2023 06:16:02 [main] [WebDriverManager] - Using chromedriver 109.0.5414.74 (resolved driver for Chrome 109)
[INFO ] 02-02-2023 06:16:03 [main] [WebDriverManager] - Exporting webdriver.chrome.driver as C:\Users\nguye\.cache\selenium\chromedriver\win32\109.0.5414.74\chromedriver.exe
[INFO ] 02-02-2023 06:17:28 [main] [WebDriverManager] - Using chromedriver 109.0.5414.74 (resolved driver for Chrome 109)
[INFO ] 02-02-2023 06:17:28 [main] [WebDriverManager] - Exporting webdriver.chrome.driver as C:\Users\nguye\.cache\selenium\chromedriver\win32\109.0.5414.74\chromedriver.exe
[INFO ] 02-02-2023 06:29:46 [main] [WebDriverManager] - Using chromedriver 109.0.5414.74 (resolved driver for Chrome 109)
[INFO ] 02-02-2023 06:29:46 [main] [WebDriverManager] - Exporting webdriver.chrome.driver as C:\Users\nguye\.cache\selenium\chromedriver\win32\109.0.5414.74\chromedriver.exe
[INFO ] 02-02-2023 06:31:20 [main] [WebDriverManager] - Using chromedriver 109.0.5414.74 (resolved driver for Chrome 109)
[INFO ] 02-02-2023 06:31:20 [main] [WebDriverManager] - Exporting webdriver.chrome.driver as C:\Users\nguye\.cache\selenium\chromedriver\win32\109.0.5414.74\chromedriver.exe
[INFO ] 02-02-2023 06:32:46 [main] [WebDriverManager] - Using chromedriver 109.0.5414.74 (resolved driver for Chrome 109)
[INFO ] 02-02-2023 06:32:46 [main] [WebDriverManager] - Exporting webdriver.chrome.driver as C:\Users\nguye\.cache\selenium\chromedriver\win32\109.0.5414.74\chromedriver.exe
[INFO ] 02-02-2023 06:34:43 [main] [WebDriverManager] - Using chromedriver 109.0.5414.74 (resolved driver for Chrome 109)
[INFO ] 02-02-2023 06:34:43 [main] [WebDriverManager] - Exporting webdriver.chrome.driver as C:\Users\nguye\.cache\selenium\chromedriver\win32\109.0.5414.74\chromedriver.exe
[INFO ] 02-02-2023 06:35:35 [main] [WebDriverManager] - Using chromedriver 109.0.5414.74 (resolved driver for Chrome 109)
[INFO ] 02-02-2023 06:35:35 [main] [WebDriverManager] - Exporting webdriver.chrome.driver as C:\Users\nguye\.cache\selenium\chromedriver\win32\109.0.5414.74\chromedriver.exe
[INFO ] 02-02-2023 06:36:50 [main] [WebDriverManager] - Using chromedriver 109.0.5414.74 (resolved driver for Chrome 109)
[INFO ] 02-02-2023 06:36:50 [main] [WebDriverManager] - Exporting webdriver.chrome.driver as C:\Users\nguye\.cache\selenium\chromedriver\win32\109.0.5414.74\chromedriver.exe
[INFO ] 02-02-2023 06:38:41 [main] [WebDriverManager] - Using chromedriver 109.0.5414.74 (resolved driver for Chrome 109)
[INFO ] 02-02-2023 06:38:41 [main] [WebDriverManager] - Exporting webdriver.chrome.driver as C:\Users\nguye\.cache\selenium\chromedriver\win32\109.0.5414.74\chromedriver.exe
[INFO ] 02-02-2023 06:47:12 [main] [WebDriverManager] - Using chromedriver 109.0.5414.74 (resolved driver for Chrome 109)
[INFO ] 02-02-2023 06:47:12 [main] [WebDriverManager] - Exporting webdriver.chrome.driver as C:\Users\nguye\.cache\selenium\chromedriver\win32\109.0.5414.74\chromedriver.exe
[INFO ] 02-02-2023 06:48:20 [main] [WebDriverManager] - Using chromedriver 109.0.5414.74 (resolved driver for Chrome 109)
[INFO ] 02-02-2023 06:48:20 [main] [WebDriverManager] - Exporting webdriver.chrome.driver as C:\Users\nguye\.cache\selenium\chromedriver\win32\109.0.5414.74\chromedriver.exe
[INFO ] 02-02-2023 06:49:28 [main] [WebDriverManager] - Using chromedriver 109.0.5414.74 (resolved driver for Chrome 109)
[INFO ] 02-02-2023 06:49:28 [main] [WebDriverManager] - Exporting webdriver.chrome.driver as C:\Users\nguye\.cache\selenium\chromedriver\win32\109.0.5414.74\chromedriver.exe
[INFO ] 02-02-2023 06:54:57 [main] [WebDriverManager] - Using chromedriver 109.0.5414.74 (resolved driver for Chrome 109)
[INFO ] 02-02-2023 06:54:57 [main] [WebDriverManager] - Exporting webdriver.chrome.driver as C:\Users\nguye\.cache\selenium\chromedriver\win32\109.0.5414.74\chromedriver.exe
[INFO ] 02-02-2023 06:58:07 [main] [WebDriverManager] - Using chromedriver 109.0.5414.74 (resolved driver for Chrome 109)
[INFO ] 02-02-2023 06:58:07 [main] [WebDriverManager] - Exporting webdriver.chrome.driver as C:\Users\nguye\.cache\selenium\chromedriver\win32\109.0.5414.74\chromedriver.exe
[INFO ] 02-02-2023 07:00:07 [main] [WebDriverManager] - Using chromedriver 109.0.5414.74 (resolved driver for Chrome 109)
[INFO ] 02-02-2023 07:00:07 [main] [WebDriverManager] - Exporting webdriver.chrome.driver as C:\Users\nguye\.cache\selenium\chromedriver\win32\109.0.5414.74\chromedriver.exe
[INFO ] 02-02-2023 07:03:47 [main] [WebDriverManager] - Using chromedriver 109.0.5414.74 (resolved driver for Chrome 109)
[INFO ] 02-02-2023 07:03:47 [main] [WebDriverManager] - Exporting webdriver.chrome.driver as C:\Users\nguye\.cache\selenium\chromedriver\win32\109.0.5414.74\chromedriver.exe
[INFO ] 02-02-2023 07:05:44 [main] [WebDriverManager] - Using chromedriver 109.0.5414.74 (resolved driver for Chrome 109)
[INFO ] 02-02-2023 07:05:45 [main] [WebDriverManager] - Exporting webdriver.chrome.driver as C:\Users\nguye\.cache\selenium\chromedriver\win32\109.0.5414.74\chromedriver.exe
[INFO ] 02-02-2023 07:15:45 [main] [WebDriverManager] - Using chromedriver 109.0.5414.74 (resolved driver for Chrome 109)
[INFO ] 02-02-2023 07:15:45 [main] [WebDriverManager] - Exporting webdriver.chrome.driver as C:\Users\nguye\.cache\selenium\chromedriver\win32\109.0.5414.74\chromedriver.exe
[INFO ] 02-02-2023 07:18:27 [main] [WebDriverManager] - Using chromedriver 109.0.5414.74 (resolved driver for Chrome 109)
[INFO ] 02-02-2023 07:18:27 [main] [WebDriverManager] - Exporting webdriver.chrome.driver as C:\Users\nguye\.cache\selenium\chromedriver\win32\109.0.5414.74\chromedriver.exe
[INFO ] 02-02-2023 07:21:33 [main] [Log] - waitForElementClickable: Element //button[text()=' Login '] : clickable
[INFO ] 02-02-2023 08:12:19 [main] [WebDriverManager] - Using chromedriver 109.0.5414.74 (resolved driver for Chrome 109)
[INFO ] 02-02-2023 08:12:20 [main] [WebDriverManager] - Exporting webdriver.chrome.driver as C:\Users\nguye\.cache\selenium\chromedriver\win32\109.0.5414.74\chromedriver.exe
[INFO ] 02-02-2023 08:20:21 [main] [WebDriverManager] - Using chromedriver 109.0.5414.74 (resolved driver for Chrome 109)
[INFO ] 02-02-2023 08:20:22 [main] [WebDriverManager] - Exporting webdriver.chrome.driver as C:\Users\nguye\.cache\selenium\chromedriver\win32\109.0.5414.74\chromedriver.exe
[INFO ] 02-02-2023 08:51:45 [main] [WebDriverManager] - Using chromedriver 109.0.5414.74 (resolved driver for Chrome 109)
[INFO ] 02-02-2023 08:51:46 [main] [WebDriverManager] - Exporting webdriver.chrome.driver as C:\Users\nguye\.cache\selenium\chromedriver\win32\109.0.5414.74\chromedriver.exe
[INFO ] 02-02-2023 09:03:17 [main] [WebDriverManager] - Using chromedriver 109.0.5414.74 (resolved driver for Chrome 109)
[INFO ] 02-02-2023 09:03:18 [main] [WebDriverManager] - Exporting webdriver.chrome.driver as C:\Users\nguye\.cache\selenium\chromedriver\win32\109.0.5414.74\chromedriver.exe
[INFO ] 02-02-2023 09:16:52 [main] [WebDriverManager] - Using chromedriver 109.0.5414.74 (resolved driver for Chrome 109)
[INFO ] 02-02-2023 09:16:53 [main] [WebDriverManager] - Exporting webdriver.chrome.driver as C:\Users\nguye\.cache\selenium\chromedriver\win32\109.0.5414.74\chromedriver.exe
[INFO ] 02-02-2023 10:59:35 [main] [WebDriverManager] - Using chromedriver 109.0.5414.74 (resolved driver for Chrome 109)
[INFO ] 02-02-2023 10:59:36 [main] [WebDriverManager] - Exporting webdriver.chrome.driver as C:\Users\nguye\.cache\selenium\chromedriver\win32\109.0.5414.74\chromedriver.exe
[INFO ] 02-02-2023 11:05:33 [main] [WebDriverManager] - Using chromedriver 109.0.5414.74 (resolved driver for Chrome 109)
[INFO ] 02-02-2023 11:05:33 [main] [WebDriverManager] - Exporting webdriver.chrome.driver as C:\Users\nguye\.cache\selenium\chromedriver\win32\109.0.5414.74\chromedriver.exe
[INFO ] 02-02-2023 11:17:36 [main] [WebDriverManager] - Using chromedriver 109.0.5414.74 (resolved driver for Chrome 109)
[INFO ] 02-02-2023 11:17:37 [main] [WebDriverManager] - Exporting webdriver.chrome.driver as C:\Users\nguye\.cache\selenium\chromedriver\win32\109.0.5414.74\chromedriver.exe
[INFO ] 02-02-2023 11:20:05 [main] [Log] - waitForElementClickable: Element //button[text()=' Login '] : clickable
[INFO ] 02-02-2023 11:36:23 [main] [WebDriverManager] - Using chromedriver 109.0.5414.74 (resolved driver for Chrome 109)
[INFO ] 02-02-2023 11:36:23 [main] [WebDriverManager] - Exporting webdriver.chrome.driver as C:\Users\nguye\.cache\selenium\chromedriver\win32\109.0.5414.74\chromedriver.exe
[INFO ] 02-02-2023 11:38:10 [main] [Log] - waitForElementClickable: Element //button[text()=' Login '] : clickable
[INFO ] 02-02-2023 11:42:31 [main] [WebDriverManager] - Using chromedriver 109.0.5414.74 (resolved driver for Chrome 109)
[INFO ] 02-02-2023 11:42:32 [main] [WebDriverManager] - Exporting webdriver.chrome.driver as C:\Users\nguye\.cache\selenium\chromedriver\win32\109.0.5414.74\chromedriver.exe
[INFO ] 02-02-2023 11:44:35 [main] [Log] - waitForElementClickable: Element //button[text()=' Login '] : clickable
[INFO ] 02-02-2023 11:54:43 [main] [WebDriverManager] - Using chromedriver 109.0.5414.74 (resolved driver for Chrome 109)
[INFO ] 02-02-2023 11:54:43 [main] [WebDriverManager] - Exporting webdriver.chrome.driver as C:\Users\nguye\.cache\selenium\chromedriver\win32\109.0.5414.74\chromedriver.exe
[INFO ] 02-02-2023 11:57:18 [main] [Log] - waitForElementClickable: Element //button[text()=' Login '] : clickable
[INFO ] 02-02-2023 11:57:22 [main] [Log] - waitForElementClickable: Element //span[text()='PIM']/parent::a : clickable
[INFO ] 02-02-2023 12:29:17 [main] [WebDriverManager] - Using chromedriver 109.0.5414.74 (resolved driver for Chrome 109)
[INFO ] 02-02-2023 12:29:17 [main] [WebDriverManager] - Exporting webdriver.chrome.driver as C:\Users\nguye\.cache\selenium\chromedriver\win32\109.0.5414.74\chromedriver.exe
[INFO ] 02-02-2023 12:34:22 [main] [WebDriverManager] - Using chromedriver 109.0.5414.74 (resolved driver for Chrome 109)
[INFO ] 02-02-2023 12:34:23 [main] [WebDriverManager] - Exporting webdriver.chrome.driver as C:\Users\nguye\.cache\selenium\chromedriver\win32\109.0.5414.74\chromedriver.exe
[INFO ] 02-02-2023 12:35:33 [main] [Log] - waitForElementClickable: Element //button[text()=' Login '] : clickable
[INFO ] 02-02-2023 12:35:38 [main] [Log] - waitForElementClickable: Element //span[text()='PIM']/parent::a : clickable
[INFO ] 02-02-2023 12:35:43 [main] [Log] - waitForElementClickable: Element //span[text()='Configuration '] : clickable
[INFO ] 02-02-2023 12:35:46 [main] [Log] - waitForElementClickable: Element //a[text()='Custom Fields'] : clickable
[INFO ] 02-02-2023 12:41:36 [main] [WebDriverManager] - Using chromedriver 109.0.5414.74 (resolved driver for Chrome 109)
[INFO ] 02-02-2023 12:41:37 [main] [WebDriverManager] - Exporting webdriver.chrome.driver as C:\Users\nguye\.cache\selenium\chromedriver\win32\109.0.5414.74\chromedriver.exe
[INFO ] 02-02-2023 12:42:49 [main] [Log] - waitForElementClickable: Element //button[text()=' Login '] : clickable
[INFO ] 02-02-2023 12:43:08 [main] [Log] - waitForElementClickable: Element //span[text()='PIM']/parent::a : clickable
[INFO ] 02-02-2023 12:43:13 [main] [Log] - waitForElementClickable: Element //span[text()='Configuration '] : clickable
[INFO ] 02-02-2023 12:43:15 [main] [Log] - waitForElementClickable: Element //a[text()='Custom Fields'] : clickable
[INFO ] 02-02-2023 13:04:34 [main] [WebDriverManager] - Using chromedriver 109.0.5414.74 (resolved driver for Chrome 109)
[INFO ] 02-02-2023 13:04:35 [main] [WebDriverManager] - Exporting webdriver.chrome.driver as C:\Users\nguye\.cache\selenium\chromedriver\win32\109.0.5414.74\chromedriver.exe
[INFO ] 02-02-2023 13:05:35 [main] [Log] - waitForElementClickable: Element //button[text()=' Login '] : clickable
[INFO ] 02-02-2023 13:22:51 [main] [WebDriverManager] - Using chromedriver 109.0.5414.74 (resolved driver for Chrome 109)
[INFO ] 02-02-2023 13:22:52 [main] [WebDriverManager] - Exporting webdriver.chrome.driver as C:\Users\nguye\.cache\selenium\chromedriver\win32\109.0.5414.74\chromedriver.exe
[INFO ] 02-02-2023 13:23:35 [main] [Log] - waitForElementClickable: Element //button[text()=' Login '] : clickable
[INFO ] 02-02-2023 13:30:56 [main] [WebDriverManager] - Using chromedriver 109.0.5414.74 (resolved driver for Chrome 109)
[INFO ] 02-02-2023 13:30:57 [main] [WebDriverManager] - Exporting webdriver.chrome.driver as C:\Users\nguye\.cache\selenium\chromedriver\win32\109.0.5414.74\chromedriver.exe
[INFO ] 02-02-2023 13:33:10 [main] [Log] - waitForElementClickable: Element //button[text()=' Login '] : clickable
[INFO ] 02-02-2023 13:45:59 [main] [WebDriverManager] - Using chromedriver 109.0.5414.74 (resolved driver for Chrome 109)
[INFO ] 02-02-2023 13:45:59 [main] [WebDriverManager] - Exporting webdriver.chrome.driver as C:\Users\nguye\.cache\selenium\chromedriver\win32\109.0.5414.74\chromedriver.exe
[INFO ] 02-02-2023 13:49:13 [main] [Log] - waitForElementClickable: Element //button[text()=' Login '] : clickable
[INFO ] 02-02-2023 13:54:24 [main] [WebDriverManager] - Using chromedriver 109.0.5414.74 (resolved driver for Chrome 109)
[INFO ] 02-02-2023 13:54:25 [main] [WebDriverManager] - Exporting webdriver.chrome.driver as C:\Users\nguye\.cache\selenium\chromedriver\win32\109.0.5414.74\chromedriver.exe
[INFO ] 02-02-2023 13:55:04 [main] [Log] - waitForElementClickable: Element //button[text()=' Login '] : clickable
[INFO ] 02-02-2023 14:04:58 [main] [WebDriverManager] - Using chromedriver 109.0.5414.74 (resolved driver for Chrome 109)
[INFO ] 02-02-2023 14:05:00 [main] [WebDriverManager] - Exporting webdriver.chrome.driver as C:\Users\nguye\.cache\selenium\chromedriver\win32\109.0.5414.74\chromedriver.exe
[INFO ] 02-02-2023 14:07:19 [main] [Log] - waitForElementClickable: Element //button[text()=' Login '] : clickable
[INFO ] 02-02-2023 14:07:50 [main] [Log] - waitForElementClickable: Element //span[text()='PIM']/parent::a : clickable
[INFO ] 02-02-2023 14:08:13 [main] [Log] - waitForElementClickable: Element //span[text()='Configuration '] : clickable
[INFO ] 02-02-2023 14:22:27 [main] [WebDriverManager] - Using chromedriver 109.0.5414.74 (resolved driver for Chrome 109)
[INFO ] 02-02-2023 14:22:28 [main] [WebDriverManager] - Exporting webdriver.chrome.driver as C:\Users\nguye\.cache\selenium\chromedriver\win32\109.0.5414.74\chromedriver.exe
[INFO ] 02-02-2023 14:23:15 [main] [Log] - waitForElementClickable: Element //button[text()=' Login '] : clickable
[INFO ] 02-02-2023 14:23:24 [main] [Log] - waitForElementClickable: Element //span[text()='PIM']/parent::a : clickable
[INFO ] 02-02-2023 14:25:44 [main] [WebDriverManager] - Using chromedriver 109.0.5414.74 (resolved driver for Chrome 109)
[INFO ] 02-02-2023 14:25:44 [main] [WebDriverManager] - Exporting webdriver.chrome.driver as C:\Users\nguye\.cache\selenium\chromedriver\win32\109.0.5414.74\chromedriver.exe
[INFO ] 02-02-2023 14:27:14 [main] [Log] - waitForElementClickable: Element //button[text()=' Login '] : clickable
[INFO ] 02-02-2023 14:27:21 [main] [Log] - waitForElementClickable: Element //span[text()='PIM']/parent::a : clickable
[INFO ] 02-02-2023 14:27:35 [main] [Log] - waitForElementClickable: Element //span[text()='Configuration '] : clickable
[INFO ] 02-02-2023 14:27:36 [main] [Log] - waitForElementClickable: Element //a[text()='Custom Fields'] : clickable
[INFO ] 02-02-2023 20:39:38 [main] [WebDriverManager] - Using chromedriver 109.0.5414.74 (resolved driver for Chrome 109)
[INFO ] 02-02-2023 20:39:38 [main] [WebDriverManager] - Exporting webdriver.chrome.driver as C:\Users\nguye\.cache\selenium\chromedriver\win32\109.0.5414.74\chromedriver.exe
[INFO ] 02-02-2023 20:41:42 [main] [WebDriverManager] - Using chromedriver 109.0.5414.74 (resolved driver for Chrome 109)
[INFO ] 02-02-2023 20:41:43 [main] [WebDriverManager] - Exporting webdriver.chrome.driver as C:\Users\nguye\.cache\selenium\chromedriver\win32\109.0.5414.74\chromedriver.exe
[INFO ] 02-02-2023 20:43:02 [main] [Log] - waitForElementClickable: Element //button[text()=' Login '] : clickable
[INFO ] 02-02-2023 20:43:06 [main] [Log] - waitForElementClickable: Element //span[text()='PIM']/parent::a : clickable
[INFO ] 02-02-2023 20:43:16 [main] [Log] - waitForElementClickable: Element //span[text()='PIM']/parent::a : clickable
[INFO ] 02-02-2023 20:43:21 [main] [Log] - waitForElementClickable: Element //span[text()='PIM']/parent::a : clickable
[INFO ] 02-02-2023 20:43:24 [main] [Log] - waitForElementClickable: Element //span[text()='Configuration '] : clickable
[INFO ] 02-02-2023 20:43:25 [main] [Log] - waitForElementClickable: Element //a[text()='Custom Fields'] : clickable
[INFO ] 02-02-2023 20:48:37 [main] [WebDriverManager] - Using chromedriver 109.0.5414.74 (resolved driver for Chrome 109)
[INFO ] 02-02-2023 20:48:37 [main] [WebDriverManager] - Exporting webdriver.chrome.driver as C:\Users\nguye\.cache\selenium\chromedriver\win32\109.0.5414.74\chromedriver.exe
[INFO ] 02-02-2023 20:50:07 [main] [Log] - waitForElementClickable: Element //button[text()=' Login '] : clickable
[INFO ] 02-02-2023 20:50:12 [main] [Log] - waitForElementClickable: Element //span[text()='PIM']/parent::a : clickable
[INFO ] 02-02-2023 20:53:41 [main] [WebDriverManager] - Using chromedriver 109.0.5414.74 (resolved driver for Chrome 109)
[INFO ] 02-02-2023 20:53:41 [main] [WebDriverManager] - Exporting webdriver.chrome.driver as C:\Users\nguye\.cache\selenium\chromedriver\win32\109.0.5414.74\chromedriver.exe
[INFO ] 02-02-2023 20:54:59 [main] [Log] - waitForElementClickable: Element //button[text()=' Login '] : clickable
[INFO ] 02-02-2023 20:55:02 [main] [Log] - waitForElementClickable: Element //span[text()='PIM']/parent::a : clickable
[INFO ] 02-02-2023 20:57:47 [main] [WebDriverManager] - Using chromedriver 109.0.5414.74 (resolved driver for Chrome 109)
[INFO ] 02-02-2023 20:57:47 [main] [WebDriverManager] - Exporting webdriver.chrome.driver as C:\Users\nguye\.cache\selenium\chromedriver\win32\109.0.5414.74\chromedriver.exe
[INFO ] 02-02-2023 20:59:14 [main] [Log] - waitForElementClickable: Element //button[text()=' Login '] : clickable
[INFO ] 02-02-2023 20:59:19 [main] [Log] - waitForElementClickable: Element //span[text()='PIM']/parent::a : clickable
[INFO ] 02-02-2023 21:01:17 [main] [WebDriverManager] - Using chromedriver 109.0.5414.74 (resolved driver for Chrome 109)
[INFO ] 02-02-2023 21:01:17 [main] [WebDriverManager] - Exporting webdriver.chrome.driver as C:\Users\nguye\.cache\selenium\chromedriver\win32\109.0.5414.74\chromedriver.exe
[INFO ] 02-02-2023 21:02:57 [main] [Log] - waitForElementClickable: Element //button[text()=' Login '] : clickable
[INFO ] 02-02-2023 21:03:00 [main] [Log] - waitForElementClickable: Element //span[text()='PIM']/parent::a : clickable
[INFO ] 02-02-2023 21:03:04 [main] [Log] - waitForElementClickable: Element //span[text()='PIM']/parent::a : clickable
[INFO ] 02-02-2023 21:03:08 [main] [Log] - waitForElementClickable: Element //span[text()='PIM']/parent::a : clickable
