[INFO ] 17-06-2023 09:36:12 [main] [Log] - Loaded all properties files.
[INFO ] 17-06-2023 09:36:12 [main] [Log] - TestBase: Properties For Testing:
{databaseName=KETOAN_AUTO_HOADON, language=vi, exportVideoPath=ExportData/Videos, open_reports_after_execution=no, screenshot_all_steps=no, WAIT_DEFAULT=10, testing_version=1.0, CHROME_DRIVER=, author=MISA, reportTitle=AMIS ACCOUNTING | Automation Report, video_record=no, zip_folder=no, exportCapturePath=ExportData/Images, WAIT_PAGE_LOADED=30, projectName=AMIS ACCOUNTING, WAIT_EXPLICIT=10, extentReportFolder=ExtentReports, draw_border_err_element=yes, WAIT_IMPLICIT=3, extentReportName=ExtentReports, tfslink=http://tfs2017-01:8080/tfs/defaultcollection/SMECLOUD/_workitems?id=, loginExcelDataPath=src/test/resources/datatest/amisaccounting/LoginData.xlsx, screenshot_failed_steps=yes, browser=chrome, remote_url=localhost, remote_port=4444, screenshot_passed_steps=no, override_reports=yes, target=local, headless=false, ACTIVE_PAGE_LOADED=true, WAIT_SLEEP_STEP=1, screenshot_skipped_steps=yes, send_email_to_users=no}
[INFO ] 17-06-2023 09:36:12 [main] [Log] - 
---------------------------------------------------------------
TestListener: TESTING FOR TEST SUITE: Default Suite
---------------------------------------------------------------
[INFO ] 17-06-2023 09:36:15 [main] [Log] - TestBase: beforeSuite
[INFO ] 17-06-2023 09:36:19 [main] [WebDriverManager] - Using chromedriver 114.0.5735.90 (resolved driver for Chrome 114)
[INFO ] 17-06-2023 09:36:19 [main] [WebDriverManager] - Exporting webdriver.chrome.driver as C:\Users\LINH-PC\.cache\selenium\chromedriver\win32\114.0.5735.90\chromedriver.exe
[INFO ] 17-06-2023 09:36:29 [main] [Log] - 
---------------------------------------------------------------
TestListener: START TC:  WishList_02
[INFO ] 17-06-2023 09:36:34 [main] [Log] - waitForElementVisibleWithBy: Element By.xpath: //ul[@class = 'top-menu notmobile']//a[text() ='Computers '] : visible
[INFO ] 17-06-2023 09:36:34 [main] [Log] - waitForElementVisible: Element //ul[@class = 'top-menu notmobile']//a[text() ='Computers '] : visible
[INFO ] 17-06-2023 09:36:34 [main] [Log] - waitForElementVisible: Element //ul[@class = 'top-menu notmobile']//a[text() ='Computers '] : visible
[INFO ] 17-06-2023 09:36:34 [main] [Log] - waitForElementClickable: Element //ul[@class = 'top-menu notmobile']//a[text() ='Computers '] : clickable
[INFO ] 17-06-2023 09:36:35 [main] [Log] - waitForElementVisibleWithBy: Element By.xpath: //a[text() = ' Desktops '] : visible
[INFO ] 17-06-2023 09:36:35 [main] [Log] - waitForElementVisibleWithBy: Element By.xpath: //a[text()=' Desktops '] : visible
[INFO ] 17-06-2023 09:36:35 [main] [Log] - waitForElementClickable: Element //a[text()=' Desktops '] : clickable
[INFO ] 17-06-2023 09:36:36 [main] [Log] - waitForElementVisibleWithBy: Element By.xpath:  //h2[@class = 'product-title']//a[text() = 'Build your own computer'] : visible
[INFO ] 17-06-2023 09:36:36 [main] [Log] - waitForElementVisibleWithBy: Element By.xpath: //h2[@class = 'product-title']//a[text() ='Build your own computer'] : visible
[INFO ] 17-06-2023 09:36:36 [main] [Log] - waitForElementClickable: Element //h2[@class = 'product-title']//a[text() ='Build your own computer'] : clickable
[INFO ] 17-06-2023 09:36:37 [main] [Log] - waitForElementVisibleWithBy: Element By.xpath: //label[text() ='320 GB']//preceding-sibling::input : visible
[INFO ] 17-06-2023 09:36:37 [main] [Log] - waitForElementVisibleWithBy: Element By.xpath: //label[text() ='320 GB']//preceding-sibling::input : visible
[INFO ] 17-06-2023 09:36:37 [main] [Log] - waitForElementClickable: Element //label[text() ='320 GB']//preceding-sibling::input : clickable
[INFO ] 17-06-2023 09:36:38 [main] [Log] - waitForElementVisibleWithBy: Element By.xpath: //select[@id = 'product_attribute_2'] : visible
[INFO ] 17-06-2023 09:36:38 [main] [Log] - waitForElementVisibleWithBy: Element By.xpath: //button[contains(@id, 'wishlist-button')] : visible
[INFO ] 17-06-2023 09:36:38 [main] [Log] - waitForElementVisibleWithBy: Element By.xpath: //button[contains(@id, 'wishlist-button')] : visible
[INFO ] 17-06-2023 09:36:38 [main] [Log] - waitForElementClickable: Element //button[contains(@id, 'wishlist-button')] : clickable
[INFO ] 17-06-2023 09:36:39 [main] [Log] - waitForElementVisibleWithBy: Element By.xpath: //div[@class = 'bar-notification success']//p : visible
[INFO ] 17-06-2023 09:36:44 [main] [Log] - waitForElementVisibleWithBy: Element By.xpath: //span[text()='Wishlist'] : visible
[INFO ] 17-06-2023 09:36:44 [main] [Log] - waitForElementVisible: Element //span[text()='Wishlist'] : visible
[INFO ] 17-06-2023 09:36:44 [main] [Log] - waitForElementClickable: Element //span[text()='Wishlist'] : clickable
[INFO ] 17-06-2023 09:36:46 [main] [Log] - 
TestListener: COMPLETED TC: WishList_02 - PASS 
---------------------------------------------------------------
[INFO ] 17-06-2023 09:36:46 [main] [Log] - 
TestListener: FINISH TESTING FOR TEST SUITE: Default Suite 
---------------------------------------------------------------
