[INFO ] 06-06-2023 23:52:38 [main] [Log] - Loaded all properties files.
[INFO ] 06-06-2023 23:52:38 [main] [Log] - TestBase: Properties For Testing:
{databaseName=KETOAN_AUTO_HOADON, language=vi, exportVideoPath=ExportData/Videos, open_reports_after_execution=no, screenshot_all_steps=no, WAIT_DEFAULT=10, testing_version=1.0, CHROME_DRIVER=, author=MISA, reportTitle=AMIS ACCOUNTING | Automation Report, video_record=no, zip_folder=no, exportCapturePath=ExportData/Images, WAIT_PAGE_LOADED=30, projectName=AMIS ACCOUNTING, WAIT_EXPLICIT=10, extentReportFolder=ExtentReports, draw_border_err_element=yes, WAIT_IMPLICIT=3, extentReportName=ExtentReports, tfslink=http://tfs2017-01:8080/tfs/defaultcollection/SMECLOUD/_workitems?id=, loginExcelDataPath=src/test/resources/datatest/amisaccounting/LoginData.xlsx, screenshot_failed_steps=yes, browser=chrome, remote_url=localhost, remote_port=4444, screenshot_passed_steps=no, override_reports=yes, target=local, headless=false, ACTIVE_PAGE_LOADED=true, WAIT_SLEEP_STEP=1, screenshot_skipped_steps=yes, send_email_to_users=no}
[INFO ] 06-06-2023 23:52:38 [main] [Log] - 
---------------------------------------------------------------
TestListener: TESTING FOR TEST SUITE: Default Suite
---------------------------------------------------------------
[INFO ] 06-06-2023 23:52:40 [main] [Log] - TestBase: beforeSuite
[INFO ] 06-06-2023 23:52:40 [main] [Log] - 
TestListener: COMPLETED TC: RegisterPage_03 - SKIP 
---------------------------------------------------------------
[INFO ] 06-06-2023 23:52:41 [main] [Log] - 
TestListener: FINISH TESTING FOR TEST SUITE: Default Suite 
---------------------------------------------------------------
[INFO ] 06-06-2023 23:56:07 [main] [Log] - Loaded all properties files.
[INFO ] 06-06-2023 23:56:07 [main] [Log] - TestBase: Properties For Testing:
{databaseName=KETOAN_AUTO_HOADON, language=vi, exportVideoPath=ExportData/Videos, open_reports_after_execution=no, screenshot_all_steps=no, WAIT_DEFAULT=10, testing_version=1.0, CHROME_DRIVER=, author=MISA, reportTitle=AMIS ACCOUNTING | Automation Report, video_record=no, zip_folder=no, exportCapturePath=ExportData/Images, WAIT_PAGE_LOADED=30, projectName=AMIS ACCOUNTING, WAIT_EXPLICIT=10, extentReportFolder=ExtentReports, draw_border_err_element=yes, WAIT_IMPLICIT=3, extentReportName=ExtentReports, tfslink=http://tfs2017-01:8080/tfs/defaultcollection/SMECLOUD/_workitems?id=, loginExcelDataPath=src/test/resources/datatest/amisaccounting/LoginData.xlsx, screenshot_failed_steps=yes, browser=chrome, remote_url=localhost, remote_port=4444, screenshot_passed_steps=no, override_reports=yes, target=local, headless=false, ACTIVE_PAGE_LOADED=true, WAIT_SLEEP_STEP=1, screenshot_skipped_steps=yes, send_email_to_users=no}
[INFO ] 06-06-2023 23:56:07 [main] [Log] - 
---------------------------------------------------------------
TestListener: TESTING FOR TEST SUITE: Default Suite
---------------------------------------------------------------
[INFO ] 06-06-2023 23:56:09 [main] [Log] - TestBase: beforeSuite
[INFO ] 06-06-2023 23:56:09 [main] [Log] - 
TestListener: COMPLETED TC: RegisterPage_03 - SKIP 
---------------------------------------------------------------
[INFO ] 06-06-2023 23:56:10 [main] [Log] - 
TestListener: FINISH TESTING FOR TEST SUITE: Default Suite 
---------------------------------------------------------------
[INFO ] 06-06-2023 23:58:19 [main] [Log] - Loaded all properties files.
[INFO ] 06-06-2023 23:58:19 [main] [Log] - TestBase: Properties For Testing:
{databaseName=KETOAN_AUTO_HOADON, language=vi, exportVideoPath=ExportData/Videos, open_reports_after_execution=no, screenshot_all_steps=no, WAIT_DEFAULT=10, testing_version=1.0, CHROME_DRIVER=, author=MISA, reportTitle=AMIS ACCOUNTING | Automation Report, video_record=no, zip_folder=no, exportCapturePath=ExportData/Images, WAIT_PAGE_LOADED=30, projectName=AMIS ACCOUNTING, WAIT_EXPLICIT=10, extentReportFolder=ExtentReports, draw_border_err_element=yes, WAIT_IMPLICIT=3, extentReportName=ExtentReports, tfslink=http://tfs2017-01:8080/tfs/defaultcollection/SMECLOUD/_workitems?id=, loginExcelDataPath=src/test/resources/datatest/amisaccounting/LoginData.xlsx, screenshot_failed_steps=yes, browser=chrome, remote_url=localhost, remote_port=4444, screenshot_passed_steps=no, override_reports=yes, target=local, headless=false, ACTIVE_PAGE_LOADED=true, WAIT_SLEEP_STEP=1, screenshot_skipped_steps=yes, send_email_to_users=no}
[INFO ] 06-06-2023 23:58:19 [main] [Log] - 
---------------------------------------------------------------
TestListener: TESTING FOR TEST SUITE: Default Suite
---------------------------------------------------------------
[INFO ] 06-06-2023 23:58:20 [main] [Log] - TestBase: beforeSuite
[INFO ] 06-06-2023 23:58:23 [main] [Log] - 
TestListener: COMPLETED TC: RegisterPage_03 - SKIP 
---------------------------------------------------------------
[INFO ] 06-06-2023 23:58:24 [main] [Log] - 
TestListener: FINISH TESTING FOR TEST SUITE: Default Suite 
---------------------------------------------------------------
