[INFO ] 20-05-2023 02:00:03 [main] [Log] - Loaded all properties files.
[INFO ] 20-05-2023 02:00:03 [main] [Log] - TestBase: Properties For Testing:
{databaseName=KETOAN_AUTO_HOADON, language=vi, exportVideoPath=ExportData/Videos, open_reports_after_execution=no, screenshot_all_steps=no, WAIT_DEFAULT=10, testing_version=1.0, CHROME_DRIVER=, author=MISA, reportTitle=AMIS ACCOUNTING | Automation Report, video_record=no, zip_folder=no, exportCapturePath=ExportData/Images, WAIT_PAGE_LOADED=30, projectName=AMIS ACCOUNTING, WAIT_EXPLICIT=10, extentReportFolder=ExtentReports, draw_border_err_element=yes, WAIT_IMPLICIT=3, extentReportName=ExtentReports, tfslink=http://tfs2017-01:8080/tfs/defaultcollection/SMECLOUD/_workitems?id=, loginExcelDataPath=src/test/resources/datatest/amisaccounting/LoginData.xlsx, screenshot_failed_steps=yes, browser=chrome, remote_url=localhost, remote_port=4444, screenshot_passed_steps=no, override_reports=yes, target=local, headless=false, ACTIVE_PAGE_LOADED=true, WAIT_SLEEP_STEP=1, screenshot_skipped_steps=yes, send_email_to_users=no}
[INFO ] 20-05-2023 02:00:03 [main] [Log] - 
---------------------------------------------------------------
TestListener: TESTING FOR TEST SUITE: Default Suite
---------------------------------------------------------------
[INFO ] 20-05-2023 02:00:03 [main] [Log] - TestBase: beforeSuite
[INFO ] 20-05-2023 02:00:06 [main] [WebDriverManager] - Using chromedriver 113.0.5672.63 (resolved driver for Chrome 113)
[INFO ] 20-05-2023 02:00:06 [main] [WebDriverManager] - Exporting webdriver.chrome.driver as C:\Users\LINH-PC\.cache\selenium\chromedriver\win32\113.0.5672.63\chromedriver.exe
[INFO ] 20-05-2023 02:00:10 [main] [Log] - 
---------------------------------------------------------------
TestListener: START TC:  SMECould_Login_ValidAccount_001
[INFO ] 20-05-2023 02:00:12 [main] [Log] - waitForElementVisibleWithBy: Element By.xpath: //a[text()='Register'] : visible
[INFO ] 20-05-2023 02:00:12 [main] [Log] - waitForElementClickable: Element //a[text()='Register'] : clickable
[INFO ] 20-05-2023 02:00:12 [main] [Log] - waitForElementVisibleWithBy: Element By.xpath: //input[@name='FirstName'] : visible
[INFO ] 20-05-2023 02:00:13 [main] [Log] - waitForElementVisibleWithBy: Element By.xpath: //input[@name='LastName'] : visible
[INFO ] 20-05-2023 02:00:13 [main] [Log] - waitForElementVisibleWithBy: Element By.xpath: //input[@name='Email'] : visible
[INFO ] 20-05-2023 02:00:13 [main] [Log] - waitForElementVisibleWithBy: Element By.xpath: //input[@name='Password'] : visible
[INFO ] 20-05-2023 02:00:14 [main] [Log] - waitForElementVisibleWithBy: Element By.xpath: //input[@name='ConfirmPassword'] : visible
[INFO ] 20-05-2023 02:00:14 [main] [Log] - waitForElementVisibleWithBy: Element By.xpath: //button[text()='Register'] : visible
[INFO ] 20-05-2023 02:00:14 [main] [Log] - waitForElementClickable: Element //button[text()='Register'] : clickable
[INFO ] 20-05-2023 02:00:14 [main] [Log] - waitForElementVisibleWithBy: Element By.xpath: //a[text()='Log in'] : visible
[INFO ] 20-05-2023 02:00:14 [main] [Log] - waitForElementVisible: Element //a[text()='Log in'] : visible
[INFO ] 20-05-2023 02:00:15 [main] [Log] - waitForElementClickable: Element //a[text()='Log in'] : clickable
[INFO ] 20-05-2023 02:00:15 [main] [Log] - waitForElementVisibleWithBy: Element By.xpath: //input[@name='Email'] : visible
[INFO ] 20-05-2023 02:00:15 [main] [Log] - waitForElementVisibleWithBy: Element By.xpath: //input[@name='Password'] : visible
[INFO ] 20-05-2023 02:00:15 [main] [Log] - waitForElementVisibleWithBy: Element By.xpath: //button[text()='Log in'] : visible
[INFO ] 20-05-2023 02:00:15 [main] [Log] - waitForElementClickable: Element //button[text()='Log in'] : clickable
[INFO ] 20-05-2023 02:00:16 [main] [Log] - 
TestListener: COMPLETED TC: SMECould_Login_ValidAccount_001 - PASS 
---------------------------------------------------------------
[INFO ] 20-05-2023 02:00:16 [main] [Log] - 
TestListener: FINISH TESTING FOR TEST SUITE: Default Suite 
---------------------------------------------------------------
[INFO ] 20-05-2023 02:03:24 [main] [Log] - Loaded all properties files.
[INFO ] 20-05-2023 02:03:24 [main] [Log] - TestBase: Properties For Testing:
{databaseName=KETOAN_AUTO_HOADON, language=vi, exportVideoPath=ExportData/Videos, open_reports_after_execution=no, screenshot_all_steps=no, WAIT_DEFAULT=10, testing_version=1.0, CHROME_DRIVER=, author=MISA, reportTitle=AMIS ACCOUNTING | Automation Report, video_record=no, zip_folder=no, exportCapturePath=ExportData/Images, WAIT_PAGE_LOADED=30, projectName=AMIS ACCOUNTING, WAIT_EXPLICIT=10, extentReportFolder=ExtentReports, draw_border_err_element=yes, WAIT_IMPLICIT=3, extentReportName=ExtentReports, tfslink=http://tfs2017-01:8080/tfs/defaultcollection/SMECLOUD/_workitems?id=, loginExcelDataPath=src/test/resources/datatest/amisaccounting/LoginData.xlsx, screenshot_failed_steps=yes, browser=chrome, remote_url=localhost, remote_port=4444, screenshot_passed_steps=no, override_reports=yes, target=local, headless=false, ACTIVE_PAGE_LOADED=true, WAIT_SLEEP_STEP=1, screenshot_skipped_steps=yes, send_email_to_users=no}
[INFO ] 20-05-2023 02:03:24 [main] [Log] - 
---------------------------------------------------------------
TestListener: TESTING FOR TEST SUITE: Default Suite
---------------------------------------------------------------
[INFO ] 20-05-2023 02:03:24 [main] [Log] - TestBase: beforeSuite
[INFO ] 20-05-2023 02:03:25 [main] [WebDriverManager] - Using chromedriver 113.0.5672.63 (resolved driver for Chrome 113)
[INFO ] 20-05-2023 02:03:25 [main] [WebDriverManager] - Exporting webdriver.chrome.driver as C:\Users\LINH-PC\.cache\selenium\chromedriver\win32\113.0.5672.63\chromedriver.exe
[INFO ] 20-05-2023 02:03:28 [main] [Log] - 
---------------------------------------------------------------
TestListener: START TC:  SMECould_Login_ValidAccount_001
[INFO ] 20-05-2023 02:03:31 [main] [Log] - waitForElementVisibleWithBy: Element By.xpath: //a[text()='Register'] : visible
[INFO ] 20-05-2023 02:03:31 [main] [Log] - waitForElementClickable: Element //a[text()='Register'] : clickable
[INFO ] 20-05-2023 02:03:32 [main] [Log] - waitForElementVisibleWithBy: Element By.xpath: //input[@name='FirstName'] : visible
[INFO ] 20-05-2023 02:03:32 [main] [Log] - waitForElementVisibleWithBy: Element By.xpath: //input[@name='LastName'] : visible
[INFO ] 20-05-2023 02:03:32 [main] [Log] - waitForElementVisibleWithBy: Element By.xpath: //input[@name='Email'] : visible
[INFO ] 20-05-2023 02:03:32 [main] [Log] - waitForElementVisibleWithBy: Element By.xpath: //input[@name='Password'] : visible
[INFO ] 20-05-2023 02:03:33 [main] [Log] - waitForElementVisibleWithBy: Element By.xpath: //input[@name='ConfirmPassword'] : visible
[INFO ] 20-05-2023 02:03:33 [main] [Log] - waitForElementVisibleWithBy: Element By.xpath: //button[text()='Register'] : visible
[INFO ] 20-05-2023 02:03:33 [main] [Log] - waitForElementClickable: Element //button[text()='Register'] : clickable
[INFO ] 20-05-2023 02:03:33 [main] [Log] - waitForElementVisibleWithBy: Element By.xpath: //a[text()='Log in'] : visible
[INFO ] 20-05-2023 02:03:33 [main] [Log] - waitForElementVisible: Element //a[text()='Log in'] : visible
[INFO ] 20-05-2023 02:03:33 [main] [Log] - waitForElementClickable: Element //a[text()='Log in'] : clickable
[INFO ] 20-05-2023 02:03:34 [main] [Log] - waitForElementVisibleWithBy: Element By.xpath: //input[@name='Email'] : visible
[INFO ] 20-05-2023 02:03:34 [main] [Log] - waitForElementVisibleWithBy: Element By.xpath: //input[@name='Password'] : visible
[INFO ] 20-05-2023 02:03:34 [main] [Log] - waitForElementVisibleWithBy: Element By.xpath: //button[text()='Log in'] : visible
[INFO ] 20-05-2023 02:03:34 [main] [Log] - waitForElementClickable: Element //button[text()='Log in'] : clickable
[INFO ] 20-05-2023 02:03:35 [main] [Log] - 
TestListener: COMPLETED TC: SMECould_Login_ValidAccount_001 - PASS 
---------------------------------------------------------------
[INFO ] 20-05-2023 02:03:35 [main] [Log] - 
TestListener: FINISH TESTING FOR TEST SUITE: Default Suite 
---------------------------------------------------------------
