[INFO ] 15-02-2023 08:34:07 [main] [Log] - Loaded all properties files.
[INFO ] 15-02-2023 08:34:07 [main] [Log] - TestBase: Properties For Testing:
{databaseName=KETOAN_AUTO_HOADON, language=vi, exportVideoPath=ExportData/Videos, open_reports_after_execution=no, screenshot_all_steps=no, WAIT_DEFAULT=10, testing_version=1.0, CHROME_DRIVER=, author=MISA, reportTitle=AMIS ACCOUNTING | Automation Report, video_record=no, zip_folder=no, exportCapturePath=ExportData/Images, WAIT_PAGE_LOADED=30, projectName=AMIS ACCOUNTING, WAIT_EXPLICIT=10, extentReportFolder=ExtentReports, draw_border_err_element=yes, WAIT_IMPLICIT=3, extentReportName=ExtentReports, tfslink=http://tfs2017-01:8080/tfs/defaultcollection/SMECLOUD/_workitems?id=, loginExcelDataPath=src/test/resources/datatest/amisaccounting/LoginData.xlsx, screenshot_failed_steps=yes, browser=chrome, remote_url=localhost, remote_port=4444, screenshot_passed_steps=no, override_reports=yes, target=local, headless=false, ACTIVE_PAGE_LOADED=true, WAIT_SLEEP_STEP=1, screenshot_skipped_steps=yes, send_email_to_users=no}
[INFO ] 15-02-2023 08:34:07 [main] [Log] - 
---------------------------------------------------------------
TestListener: TESTING FOR TEST SUITE: Default Suite
---------------------------------------------------------------
[INFO ] 15-02-2023 08:34:10 [main] [Log] - TestBase: beforeSuite
[INFO ] 15-02-2023 08:34:13 [main] [WebDriverManager] - Using chromedriver 109.0.5414.74 (resolved driver for Chrome 109)
[INFO ] 15-02-2023 08:34:13 [main] [WebDriverManager] - Exporting webdriver.chrome.driver as C:\Users\nguye\.cache\selenium\chromedriver\win32\109.0.5414.74\chromedriver.exe
[INFO ] 15-02-2023 08:34:23 [main] [Log] - waitForElementVisibleWithBy: Element By.xpath: //h1[contains(text(),'Professional WordPress Themes')] : visible
[INFO ] 15-02-2023 08:34:23 [main] [Log] - waitForElementVisibleWithBy: Element By.xpath: //a[text()[normalize-space()='Code']] : visible
[INFO ] 15-02-2023 08:34:23 [main] [Log] - waitForElementVisible: Element //a[text()[normalize-space()='Code']] : visible
[INFO ] 15-02-2023 08:34:23 [main] [Log] - waitForElementClickable: Element //a[text()[normalize-space()='Code']] : clickable
[INFO ] 15-02-2023 08:34:26 [main] [Log] - waitForElementVisibleWithBy: Element By.xpath: //h1[contains(text(),'Thousands of code')] : visible
[INFO ] 15-02-2023 08:34:27 [main] [Log] - waitForElementVisibleWithBy: Element By.xpath: //a[text()[normalize-space()='All Items']] : visible
[INFO ] 15-02-2023 08:34:27 [main] [Log] - waitForElementVisible: Element //a[text()[normalize-space()='All Items']] : visible
[INFO ] 15-02-2023 08:34:27 [main] [Log] - waitForElementClickable: Element //a[text()[normalize-space()='All Items']] : clickable
[INFO ] 15-02-2023 08:34:28 [main] [Log] - waitForElementVisibleWithBy: Element By.xpath: //h1[contains(text(),'Plugins, Code & Scripts')] : visible
[INFO ] 15-02-2023 08:34:28 [main] [Log] - waitForElementVisibleWithBy: Element By.xpath: //input[@name='term'] : visible
[INFO ] 15-02-2023 08:34:31 [main] [Log] - waitForElementVisibleWithBy: Element By.xpath: //mark[contains(@class,'shared-item_cards-item_name_component__highlight')] : visible
[INFO ] 15-02-2023 08:34:32 [main] [Log] - waitForElementVisibleWithBy: Element By.xpath: //a[text()[normalize-space()='Best sellers']] : visible
[INFO ] 15-02-2023 08:34:32 [main] [Log] - waitForElementVisible: Element //a[text()[normalize-space()='Best sellers']] : visible
[INFO ] 15-02-2023 08:34:32 [main] [Log] - waitForElementClickable: Element //a[text()[normalize-space()='Best sellers']] : clickable
[INFO ] 15-02-2023 08:34:34 [main] [Log] - waitForElementVisibleWithBy: Element By.xpath: //div[contains(@class,'component__list')]/div[contains(@class,'component__root')][1]//a[contains(@class,'root shared-item_cards-add_to_cart_button_component__compact')]/span : visible
[INFO ] 15-02-2023 08:34:35 [main] [Log] - waitForElementVisible: Element //div[contains(@class,'component__list')]/div[contains(@class,'component__root')][1]//a[contains(@class,'root shared-item_cards-add_to_cart_button_component__compact')]/span : visible
[INFO ] 15-02-2023 08:34:35 [main] [Log] - waitForElementClickable: Element //div[contains(@class,'component__list')]/div[contains(@class,'component__root')][1]//a[contains(@class,'root shared-item_cards-add_to_cart_button_component__compact')]/span : clickable
[INFO ] 15-02-2023 08:34:36 [main] [Log] - waitForElementVisibleWithBy: Element By.xpath: //h2[contains(text(),'Item added to your cart')] : visible
[INFO ] 15-02-2023 08:34:36 [main] [Log] - waitForElementVisibleWithBy: Element By.xpath: //button[text()[normalize-space()='Keep Browsing']] : visible
[INFO ] 15-02-2023 08:34:36 [main] [Log] - waitForElementVisible: Element //button[text()[normalize-space()='Keep Browsing']] : visible
[INFO ] 15-02-2023 08:34:36 [main] [Log] - waitForElementClickable: Element //button[text()[normalize-space()='Keep Browsing']] : clickable
[INFO ] 15-02-2023 08:34:36 [main] [Log] - waitForElementVisibleWithBy: Element By.xpath: //div[contains(@class,'component__list')]/div[contains(@class,'component__root')][2]//a[contains(@class,'root shared-item_cards-add_to_cart_button_component__compact')]/span : visible
[INFO ] 15-02-2023 08:34:38 [main] [Log] - waitForElementVisible: Element //div[contains(@class,'component__list')]/div[contains(@class,'component__root')][2]//a[contains(@class,'root shared-item_cards-add_to_cart_button_component__compact')]/span : visible
[INFO ] 15-02-2023 08:34:38 [main] [Log] - waitForElementClickable: Element //div[contains(@class,'component__list')]/div[contains(@class,'component__root')][2]//a[contains(@class,'root shared-item_cards-add_to_cart_button_component__compact')]/span : clickable
[INFO ] 15-02-2023 08:34:38 [main] [Log] - waitForElementVisibleWithBy: Element By.xpath: //h2[contains(text(),'Item added to your cart')] : visible
[INFO ] 15-02-2023 08:34:39 [main] [Log] - waitForElementVisibleWithBy: Element By.xpath: //button[text()[normalize-space()='Keep Browsing']] : visible
[INFO ] 15-02-2023 08:34:39 [main] [Log] - waitForElementVisible: Element //button[text()[normalize-space()='Keep Browsing']] : visible
[INFO ] 15-02-2023 08:34:39 [main] [Log] - waitForElementClickable: Element //button[text()[normalize-space()='Keep Browsing']] : clickable
[INFO ] 15-02-2023 08:34:39 [main] [Log] - waitForElementVisibleWithBy: Element By.xpath: //div[contains(@class,'component__list')]/div[contains(@class,'component__root')][3]//a[contains(@class,'root shared-item_cards-add_to_cart_button_component__compact')]/span : visible
[INFO ] 15-02-2023 08:34:39 [main] [Log] - waitForElementVisible: Element //div[contains(@class,'component__list')]/div[contains(@class,'component__root')][3]//a[contains(@class,'root shared-item_cards-add_to_cart_button_component__compact')]/span : visible
[INFO ] 15-02-2023 08:34:39 [main] [Log] - waitForElementClickable: Element //div[contains(@class,'component__list')]/div[contains(@class,'component__root')][3]//a[contains(@class,'root shared-item_cards-add_to_cart_button_component__compact')]/span : clickable
[INFO ] 15-02-2023 08:34:40 [main] [Log] - waitForElementVisibleWithBy: Element By.xpath: //h2[contains(text(),'Item added to your cart')] : visible
[INFO ] 15-02-2023 08:34:40 [main] [Log] - waitForElementVisibleWithBy: Element By.xpath: //button[text()[normalize-space()='Keep Browsing']] : visible
[INFO ] 15-02-2023 08:34:40 [main] [Log] - waitForElementVisible: Element //button[text()[normalize-space()='Keep Browsing']] : visible
[INFO ] 15-02-2023 08:34:40 [main] [Log] - waitForElementClickable: Element //button[text()[normalize-space()='Keep Browsing']] : clickable
[INFO ] 15-02-2023 08:34:40 [main] [Log] - waitForElementVisibleWithBy: Element By.xpath: //div[contains(@class,'component__list')]/div[contains(@class,'component__root')][4]//a[contains(@class,'root shared-item_cards-add_to_cart_button_component__compact')]/span : visible
[INFO ] 15-02-2023 08:34:41 [main] [Log] - waitForElementVisible: Element //div[contains(@class,'component__list')]/div[contains(@class,'component__root')][4]//a[contains(@class,'root shared-item_cards-add_to_cart_button_component__compact')]/span : visible
[INFO ] 15-02-2023 08:34:41 [main] [Log] - waitForElementClickable: Element //div[contains(@class,'component__list')]/div[contains(@class,'component__root')][4]//a[contains(@class,'root shared-item_cards-add_to_cart_button_component__compact')]/span : clickable
[INFO ] 15-02-2023 08:34:42 [main] [Log] - waitForElementVisibleWithBy: Element By.xpath: //h2[contains(text(),'Item added to your cart')] : visible
[INFO ] 15-02-2023 08:34:42 [main] [Log] - waitForElementVisibleWithBy: Element By.xpath: //button[text()[normalize-space()='Keep Browsing']] : visible
[INFO ] 15-02-2023 08:34:42 [main] [Log] - waitForElementVisible: Element //button[text()[normalize-space()='Keep Browsing']] : visible
[INFO ] 15-02-2023 08:34:42 [main] [Log] - waitForElementClickable: Element //button[text()[normalize-space()='Keep Browsing']] : clickable
[INFO ] 15-02-2023 08:34:42 [main] [Log] - waitForElementVisibleWithBy: Element By.xpath: //div[contains(@class,'component__list')]/div[contains(@class,'component__root')][5]//a[contains(@class,'root shared-item_cards-add_to_cart_button_component__compact')]/span : visible
[INFO ] 15-02-2023 08:34:43 [main] [Log] - waitForElementVisible: Element //div[contains(@class,'component__list')]/div[contains(@class,'component__root')][5]//a[contains(@class,'root shared-item_cards-add_to_cart_button_component__compact')]/span : visible
[INFO ] 15-02-2023 08:34:43 [main] [Log] - waitForElementClickable: Element //div[contains(@class,'component__list')]/div[contains(@class,'component__root')][5]//a[contains(@class,'root shared-item_cards-add_to_cart_button_component__compact')]/span : clickable
[INFO ] 15-02-2023 08:34:43 [main] [Log] - waitForElementVisibleWithBy: Element By.xpath: //h2[contains(text(),'Item added to your cart')] : visible
[INFO ] 15-02-2023 08:34:43 [main] [Log] - waitForElementVisibleWithBy: Element By.xpath: //button[text()[normalize-space()='Keep Browsing']] : visible
[INFO ] 15-02-2023 08:34:43 [main] [Log] - waitForElementVisible: Element //button[text()[normalize-space()='Keep Browsing']] : visible
[INFO ] 15-02-2023 08:34:44 [main] [Log] - waitForElementClickable: Element //button[text()[normalize-space()='Keep Browsing']] : clickable
[INFO ] 15-02-2023 08:34:44 [main] [Log] - waitForElementVisibleWithBy: Element By.xpath: //a[contains(@class,'cart_link_component__root')] : visible
[INFO ] 15-02-2023 08:34:44 [main] [Log] - waitForElementVisible: Element //a[contains(@class,'cart_link_component__root')] : visible
[INFO ] 15-02-2023 08:34:44 [main] [Log] - waitForElementClickable: Element //a[contains(@class,'cart_link_component__root')] : clickable
[INFO ] 15-02-2023 08:34:47 [main] [Log] - waitForElementVisibleWithBy: Element By.xpath: //h1[contains(text(),'      Shopping Cart')] : visible
[INFO ] 15-02-2023 08:34:47 [main] [Log] - waitForElementVisibleWithBy: Element By.xpath: //input[contains(@class,'e-btn--3d -color-primary -width-full -size-l')] : visible
[INFO ] 15-02-2023 08:34:47 [main] [Log] - waitForElementVisible: Element //input[contains(@class,'e-btn--3d -color-primary -width-full -size-l')] : visible
[INFO ] 15-02-2023 08:34:47 [main] [Log] - waitForElementClickable: Element //input[contains(@class,'e-btn--3d -color-primary -width-full -size-l')] : clickable
[INFO ] 15-02-2023 08:34:50 [main] [Log] - waitForElementVisibleWithBy: Element By.xpath: //span[text()='Create Account'] : visible
[INFO ] 15-02-2023 08:34:54 [main] [Log] - 
---------------------------------------------------------------
TestListener: START TC:  TC_02
[INFO ] 15-02-2023 08:34:54 [main] [Log] - waitForElementVisibleWithBy: Element By.xpath: //input[@name='firstName'] : visible
[INFO ] 15-02-2023 08:34:55 [main] [Log] - waitForElementVisibleWithBy: Element By.xpath: //input[@name='lastName'] : visible
[INFO ] 15-02-2023 08:34:55 [main] [Log] - waitForElementVisibleWithBy: Element By.xpath: //input[@name='email'] : visible
[INFO ] 15-02-2023 08:34:56 [main] [Log] - waitForElementVisibleWithBy: Element By.xpath: //input[@name='username'] : visible
[INFO ] 15-02-2023 08:34:56 [main] [Log] - waitForElementVisibleWithBy: Element By.xpath: //input[@name='password'] : visible
[INFO ] 15-02-2023 08:34:57 [main] [Log] - 
TestListener: COMPLETED TC: TC_02 - PASS 
---------------------------------------------------------------
[INFO ] 15-02-2023 08:34:57 [main] [Log] - 
---------------------------------------------------------------
TestListener: START TC:  TC_02
[INFO ] 15-02-2023 08:34:57 [main] [Log] - waitForElementVisibleWithBy: Element By.xpath: //input[@name='firstName'] : visible
[INFO ] 15-02-2023 08:35:00 [main] [Log] - waitForElementVisibleWithBy: Element By.xpath: //input[@name='lastName'] : visible
[INFO ] 15-02-2023 08:35:00 [main] [Log] - waitForElementVisibleWithBy: Element By.xpath: //input[@name='email'] : visible
[INFO ] 15-02-2023 08:35:04 [main] [Log] - waitForElementVisibleWithBy: Element By.xpath: //input[@name='username'] : visible
[INFO ] 15-02-2023 08:35:07 [main] [Log] - waitForElementVisibleWithBy: Element By.xpath: //input[@name='password'] : visible
[INFO ] 15-02-2023 08:35:07 [main] [Log] - 
TestListener: COMPLETED TC: TC_02 - PASS 
---------------------------------------------------------------
[INFO ] 15-02-2023 08:35:07 [main] [Log] - 
TestListener: FINISH TESTING FOR TEST SUITE: Default Suite 
---------------------------------------------------------------
